  checking.c
C:\Users\Admin\Desktop\Cprogramms\fromflash\Laboratory2\Matrices\checking.c(18,25): warning C4047: функция: "const char *" отличается по уровням косвенного обращения от "char **"
C:\Users\Admin\Desktop\Cprogramms\fromflash\Laboratory2\Matrices\checking.c(18,17): warning C4024: fopen_s: различные типы для формального и фактического параметров 2
C:\Users\Admin\Desktop\Cprogramms\fromflash\Laboratory2\Matrices\checking.c(24,14): warning C4047: функция: "FILE **" отличается по уровням косвенного обращения от "FILE *"
C:\Users\Admin\Desktop\Cprogramms\fromflash\Laboratory2\Matrices\checking.c(24,10): warning C4024: fopen_s: различные типы для формального и фактического параметров 1
C:\Users\Admin\Desktop\Cprogramms\fromflash\Laboratory2\Matrices\checking.c(24,24): warning C4047: функция: "const char *" отличается по уровням косвенного обращения от "char **"
C:\Users\Admin\Desktop\Cprogramms\fromflash\Laboratory2\Matrices\checking.c(24,16): warning C4024: fopen_s: различные типы для формального и фактического параметров 2
C:\Users\Admin\Desktop\Cprogramms\fromflash\Laboratory2\Matrices\checking.c(96,34): warning C4267: =: преобразование из "size_t" в "int"; возможна потеря данных
C:\Users\Admin\Desktop\Cprogramms\fromflash\Laboratory2\Matrices\checking.c(148,66): warning C4020: errex: слишком много фактических параметров
C:\Users\Admin\Desktop\Cprogramms\fromflash\Laboratory2\Matrices\checking.c(151,29): warning C4047: функция: "char **" отличается по уровням косвенного обращения от "char *"
C:\Users\Admin\Desktop\Cprogramms\fromflash\Laboratory2\Matrices\checking.c(151,21): warning C4024: isMatrix: различные типы для формального и фактического параметров 2
  mainMenu.c
  matrix.c
C:\Users\Admin\Desktop\Cprogramms\fromflash\Laboratory2\Matrices\matrix.c(162,27): warning C4047: функция: "double **" отличается по уровням косвенного обращения от "double *"
C:\Users\Admin\Desktop\Cprogramms\fromflash\Laboratory2\Matrices\matrix.c(162,24): warning C4024: swapTwoLine: различные типы для формального и фактического параметров 1
C:\Users\Admin\Desktop\Cprogramms\fromflash\Laboratory2\Matrices\matrix.c(162,38): warning C4047: функция: "double **" отличается по уровням косвенного обращения от "double *"
C:\Users\Admin\Desktop\Cprogramms\fromflash\Laboratory2\Matrices\matrix.c(162,35): warning C4024: swapTwoLine: различные типы для формального и фактического параметров 2
C:\Users\Admin\Desktop\Cprogramms\fromflash\Laboratory2\Matrices\matrix.c(252,12): warning C4267: инициализация: преобразование из "size_t" в "int"; возможна потеря данных
C:\Users\Admin\Desktop\Cprogramms\fromflash\Laboratory2\Matrices\matrix.c(293,14): warning C4047: функция: "FILE **" отличается по уровням косвенного обращения от "FILE *"
C:\Users\Admin\Desktop\Cprogramms\fromflash\Laboratory2\Matrices\matrix.c(293,10): warning C4024: fopen_s: различные типы для формального и фактического параметров 1
  Создание кода...
  Matrices.vcxproj -> C:\Users\Admin\Desktop\Cprogramms\fromflash\Laboratory2\x64\Debug\Matrices.exe
