c:\users\admin\desktop\cprogramms\fromflash\task14\task14_5\x64\debug\vc143.pdb
c:\users\admin\desktop\cprogramms\fromflash\task14\task14_5\x64\debug\vc143.idb
c:\users\admin\desktop\cprogramms\fromflash\task14\task14_5\x64\debug\mystring.obj
c:\users\admin\desktop\cprogramms\fromflash\task14\task14_5\x64\debug\main.obj
c:\users\admin\desktop\cprogramms\fromflash\task14\task14_5\x64\debug\task14_5.ilk
c:\users\admin\desktop\cprogramms\fromflash\task14\x64\debug\task14_5.exe
c:\users\admin\desktop\cprogramms\fromflash\task14\x64\debug\task14_5.pdb
c:\users\admin\desktop\cprogramms\fromflash\task14\task14_5\x64\debug\list.obj
c:\users\admin\desktop\cprogramms\fromflash\task14\task14_5\x64\debug\task14_5.tlog\cl.command.1.tlog
c:\users\admin\desktop\cprogramms\fromflash\task14\task14_5\x64\debug\task14_5.tlog\cl.read.1.tlog
c:\users\admin\desktop\cprogramms\fromflash\task14\task14_5\x64\debug\task14_5.tlog\cl.write.1.tlog
c:\users\admin\desktop\cprogramms\fromflash\task14\task14_5\x64\debug\task14_5.tlog\link.760-cvtres.read.1.tlog
c:\users\admin\desktop\cprogramms\fromflash\task14\task14_5\x64\debug\task14_5.tlog\link.760-cvtres.write.1.tlog
c:\users\admin\desktop\cprogramms\fromflash\task14\task14_5\x64\debug\task14_5.tlog\link.760-rc.read.1.tlog
c:\users\admin\desktop\cprogramms\fromflash\task14\task14_5\x64\debug\task14_5.tlog\link.760-rc.write.1.tlog
c:\users\admin\desktop\cprogramms\fromflash\task14\task14_5\x64\debug\task14_5.tlog\link.760.read.1.tlog
c:\users\admin\desktop\cprogramms\fromflash\task14\task14_5\x64\debug\task14_5.tlog\link.760.read.2.tlog
c:\users\admin\desktop\cprogramms\fromflash\task14\task14_5\x64\debug\task14_5.tlog\link.760.write.1.tlog
c:\users\admin\desktop\cprogramms\fromflash\task14\task14_5\x64\debug\task14_5.tlog\link.command.1.tlog
c:\users\admin\desktop\cprogramms\fromflash\task14\task14_5\x64\debug\task14_5.tlog\link.read.1.tlog
c:\users\admin\desktop\cprogramms\fromflash\task14\task14_5\x64\debug\task14_5.tlog\link.write.1.tlog
